<?xml version="1.0" encoding="UTF-8"?>
<testng-results ignored="0" total="1" passed="1" failed="0" skipped="0">
  <reporter-output>
  </reporter-output>
  <suite started-at="2021-07-24T08:56:53Z" name="Default suite" finished-at="2021-07-24T08:58:42Z" duration-ms="108903">
    <groups>
    </groups>
    <test started-at="2021-07-24T08:56:53Z" name="Default test" finished-at="2021-07-24T08:58:42Z" duration-ms="108903">
      <class name="com.ort.qa.testcases.CreateCaseFlowPageTest">
        <test-method is-config="true" signature="setUp()[pri:0, instance:com.ort.qa.testcases.CreateCaseFlowPageTest@41ab013]" started-at="2021-07-24T08:56:53Z" name="setUp" finished-at="2021-07-24T08:57:37Z" duration-ms="43979" status="PASS">
          <reporter-output>
          </reporter-output>
        </test-method> <!-- setUp -->
        <test-method signature="createCaseProcedureSelectionFlowTest(java.lang.String, java.lang.String, java.lang.String, java.lang.String, java.lang.String, java.lang.String, java.lang.String, java.lang.String, java.lang.String, java.lang.String, java.lang.String, java.lang.String, java.lang.String, java.lang.String, java.lang.String, java.lang.String)[pri:2, instance:com.ort.qa.testcases.CreateCaseFlowPageTest@41ab013]" started-at="2021-07-24T08:57:38Z" name="createCaseProcedureSelectionFlowTest" data-provider="ProcedureSelectionFlow" finished-at="2021-07-24T08:58:42Z" duration-ms="63610" status="PASS">
          <params>
            <param index="0">
              <value>
                <![CDATA[Active]]>
              </value>
            </param>
            <param index="1">
              <value>
                <![CDATA[Sharma]]>
              </value>
            </param>
            <param index="2">
              <value>
                <![CDATA[Vikas]]>
              </value>
            </param>
            <param index="3">
              <value>
                <![CDATA[646464]]>
              </value>
            </param>
            <param index="4">
              <value>
                <![CDATA[Surgeon One]]>
              </value>
            </param>
            <param index="5">
              <value>
                <![CDATA[Critical (Up to 1hr.)]]>
              </value>
            </param>
            <param index="6">
              <value>
                <![CDATA[Yes]]>
              </value>
            </param>
            <param index="7">
              <value>
                <![CDATA[Trauma]]>
              </value>
            </param>
            <param index="8">
              <value>
                <![CDATA[IM Nail Hip / InterTroch / CMN Hip (27245)]]>
              </value>
            </param>
            <param index="9">
              <value>
                <![CDATA[3]]>
              </value>
            </param>
            <param index="10">
              <value>
                <![CDATA[General]]>
              </value>
            </param>
            <param index="11">
              <value>
                <![CDATA[NO]]>
              </value>
            </param>
            <param index="12">
              <value>
                <![CDATA[Left]]>
              </value>
            </param>
            <param index="13">
              <value>
                <![CDATA[Beach Chair]]>
              </value>
            </param>
            <param index="14">
              <value>
                <![CDATA[NO]]>
              </value>
            </param>
            <param index="15">
              <value>
                <![CDATA[NO]]>
              </value>
            </param>
          </params>
          <reporter-output>
          </reporter-output>
        </test-method> <!-- createCaseProcedureSelectionFlowTest -->
      </class> <!-- com.ort.qa.testcases.CreateCaseFlowPageTest -->
    </test> <!-- Default test -->
  </suite> <!-- Default suite -->
</testng-results>
