<?xml version="1.0" encoding="UTF-8"?>
<!-- Generated by org.testng.reporters.JUnitXMLReporter -->
<testsuite hostname="DESKTOP-B8QHPPA" ignored="0" name="Ortelligence Application Test Cases" tests="3" failures="0" timestamp="12 Jul 2021 09:59:35 GMT" time="280.264" errors="0">
  <testcase name="createCaseFindPatientLongFlowTest" time="77.702" classname="com.ort.qa.testcases.CreateCaseFlowPageTest"/>
  <testcase name="createCasePreferenceCardFlowTest" time="111.404" classname="com.ort.qa.testcases.CreateCaseFlowPageTest"/>
  <testcase name="createCaseProcedureSelectionFlowTest" time="59.732" classname="com.ort.qa.testcases.CreateCaseFlowPageTest"/>
</testsuite> <!-- Ortelligence Application Test Cases -->
